This is pdfTeX, Version 3.141592653-2.6-1.40.24 (TeX Live 2022) (preloaded format=pdflatex 2022.8.29)  3 DEC 2025 16:45
entering extended mode
 restricted \write18 enabled.
 %&-line parsing enabled.
**00_main.tex
(./00_main.tex
LaTeX2e <2022-06-01> patch level 5
L3 programming layer <2022-08-23>
(/usr/local/texlive/2022/texmf-dist/tex/latex/beamer/beamer.cls
Document Class: beamer 2022/05/17 v3.67 A class for typesetting presentations
(/usr/local/texlive/2022/texmf-dist/tex/latex/beamer/beamerbasemodes.sty
(/usr/local/texlive/2022/texmf-dist/tex/latex/etoolbox/etoolbox.sty
Package: etoolbox 2020/10/05 v2.5k e-TeX tools for LaTeX (JAW)
\etb@tempcnta=\count185
)
\beamer@tempbox=\box51
\beamer@tempcount=\count186
\c@beamerpauses=\count187

(/usr/local/texlive/2022/texmf-dist/tex/latex/beamer/beamerbasedecode.sty
\beamer@slideinframe=\count188
\beamer@minimum=\count189
\beamer@decode@box=\box52
)
\beamer@commentbox=\box53
\beamer@modecount=\count190
)
(/usr/local/texlive/2022/texmf-dist/tex/generic/iftex/iftex.sty
Package: iftex 2022/02/03 v1.0f TeX engine tests
)
\headdp=\dimen138
\footheight=\dimen139
\sidebarheight=\dimen140
\beamer@tempdim=\dimen141
\beamer@finalheight=\dimen142
\beamer@animht=\dimen143
\beamer@animdp=\dimen144
\beamer@animwd=\dimen145
\beamer@leftmargin=\dimen146
\beamer@rightmargin=\dimen147
\beamer@leftsidebar=\dimen148
\beamer@rightsidebar=\dimen149
\beamer@boxsize=\dimen150
\beamer@vboxoffset=\dimen151
\beamer@descdefault=\dimen152
\beamer@descriptionwidth=\dimen153
\beamer@lastskip=\skip47
\beamer@areabox=\box54
\beamer@animcurrent=\box55
\beamer@animshowbox=\box56
\beamer@sectionbox=\box57
\beamer@logobox=\box58
\beamer@linebox=\box59
\beamer@sectioncount=\count191
\beamer@subsubsectionmax=\count192
\beamer@subsectionmax=\count193
\beamer@sectionmax=\count194
\beamer@totalheads=\count195
\beamer@headcounter=\count196
\beamer@partstartpage=\count197
\beamer@sectionstartpage=\count198
\beamer@subsectionstartpage=\count199
\beamer@animationtempa=\count266
\beamer@animationtempb=\count267
\beamer@xpos=\count268
\beamer@ypos=\count269
\beamer@ypos@offset=\count270
\beamer@showpartnumber=\count271
\beamer@currentsubsection=\count272
\beamer@coveringdepth=\count273
\beamer@sectionadjust=\count274
\beamer@toclastsection=\count275
\beamer@tocsectionnumber=\count276

(/usr/local/texlive/2022/texmf-dist/tex/latex/beamer/beamerbaseoptions.sty
(/usr/local/texlive/2022/texmf-dist/tex/latex/graphics/keyval.sty
Package: keyval 2022/05/29 v1.15 key=value parser (DPC)
\KV@toks@=\toks16
))
\beamer@paperwidth=\skip48
\beamer@paperheight=\skip49

(/usr/local/texlive/2022/texmf-dist/tex/latex/geometry/geometry.sty
Package: geometry 2020/01/02 v5.9 Page Geometry

(/usr/local/texlive/2022/texmf-dist/tex/generic/iftex/ifvtex.sty
Package: ifvtex 2019/10/25 v1.7 ifvtex legacy package. Use iftex instead.
)
\Gm@cnth=\count277
\Gm@cntv=\count278
\c@Gm@tempcnt=\count279
\Gm@bindingoffset=\dimen154
\Gm@wd@mp=\dimen155
\Gm@odd@mp=\dimen156
\Gm@even@mp=\dimen157
\Gm@layoutwidth=\dimen158
\Gm@layoutheight=\dimen159
\Gm@layouthoffset=\dimen160
\Gm@layoutvoffset=\dimen161
\Gm@dimlist=\toks17
)
(/usr/local/texlive/2022/texmf-dist/tex/latex/pgf/math/pgfmath.sty
(/usr/local/texlive/2022/texmf-dist/tex/latex/pgf/utilities/pgfrcs.sty
(/usr/local/texlive/2022/texmf-dist/tex/generic/pgf/utilities/pgfutil-common.te
x
\pgfutil@everybye=\toks18
\pgfutil@tempdima=\dimen162
\pgfutil@tempdimb=\dimen163

(/usr/local/texlive/2022/texmf-dist/tex/generic/pgf/utilities/pgfutil-common-li
sts.tex))
(/usr/local/texlive/2022/texmf-dist/tex/generic/pgf/utilities/pgfutil-latex.def
\pgfutil@abb=\box60
) (/usr/local/texlive/2022/texmf-dist/tex/generic/pgf/utilities/pgfrcs.code.tex
(/usr/local/texlive/2022/texmf-dist/tex/generic/pgf/pgf.revision.tex)
Package: pgfrcs 2021/05/15 v3.1.9a (3.1.9a)
))
(/usr/local/texlive/2022/texmf-dist/tex/latex/pgf/utilities/pgfkeys.sty
(/usr/local/texlive/2022/texmf-dist/tex/generic/pgf/utilities/pgfkeys.code.tex
\pgfkeys@pathtoks=\toks19
\pgfkeys@temptoks=\toks20

(/usr/local/texlive/2022/texmf-dist/tex/generic/pgf/utilities/pgfkeysfiltered.c
ode.tex
\pgfkeys@tmptoks=\toks21
)))
(/usr/local/texlive/2022/texmf-dist/tex/generic/pgf/math/pgfmath.code.tex
(/usr/local/texlive/2022/texmf-dist/tex/generic/pgf/math/pgfmathcalc.code.tex
(/usr/local/texlive/2022/texmf-dist/tex/generic/pgf/math/pgfmathutil.code.tex
\pgf@x=\dimen164
\pgf@xa=\dimen165
\pgf@xb=\dimen166
\pgf@xc=\dimen167
\pgf@y=\dimen168
\pgf@ya=\dimen169
\pgf@yb=\dimen170
\pgf@yc=\dimen171
\c@pgf@counta=\count280
\c@pgf@countb=\count281
\c@pgf@countc=\count282
\c@pgf@countd=\count283
)
(/usr/local/texlive/2022/texmf-dist/tex/generic/pgf/math/pgfmathparser.code.tex
\pgfmath@dimen=\dimen172
\pgfmath@count=\count284
\pgfmath@box=\box61
\pgfmath@toks=\toks22
\pgfmath@stack@operand=\toks23
\pgfmath@stack@operation=\toks24
)
(/usr/local/texlive/2022/texmf-dist/tex/generic/pgf/math/pgfmathfunctions.code.
tex
(/usr/local/texlive/2022/texmf-dist/tex/generic/pgf/math/pgfmathfunctions.basic
.code.tex)
(/usr/local/texlive/2022/texmf-dist/tex/generic/pgf/math/pgfmathfunctions.trigo
nometric.code.tex)
(/usr/local/texlive/2022/texmf-dist/tex/generic/pgf/math/pgfmathfunctions.rando
m.code.tex)
(/usr/local/texlive/2022/texmf-dist/tex/generic/pgf/math/pgfmathfunctions.compa
rison.code.tex)
(/usr/local/texlive/2022/texmf-dist/tex/generic/pgf/math/pgfmathfunctions.base.
code.tex)
(/usr/local/texlive/2022/texmf-dist/tex/generic/pgf/math/pgfmathfunctions.round
.code.tex)
(/usr/local/texlive/2022/texmf-dist/tex/generic/pgf/math/pgfmathfunctions.misc.
code.tex)
(/usr/local/texlive/2022/texmf-dist/tex/generic/pgf/math/pgfmathfunctions.integ
erarithmetics.code.tex)))
(/usr/local/texlive/2022/texmf-dist/tex/generic/pgf/math/pgfmathfloat.code.tex
\c@pgfmathroundto@lastzeros=\count285
))) (/usr/local/texlive/2022/texmf-dist/tex/latex/base/size11.clo
File: size11.clo 2021/10/04 v1.4n Standard LaTeX file (size option)
)
(/usr/local/texlive/2022/texmf-dist/tex/latex/pgf/basiclayer/pgfcore.sty
(/usr/local/texlive/2022/texmf-dist/tex/latex/graphics/graphicx.sty
Package: graphicx 2021/09/16 v1.2d Enhanced LaTeX Graphics (DPC,SPQR)

(/usr/local/texlive/2022/texmf-dist/tex/latex/graphics/graphics.sty
Package: graphics 2022/03/10 v1.4e Standard LaTeX Graphics (DPC,SPQR)

(/usr/local/texlive/2022/texmf-dist/tex/latex/graphics/trig.sty
Package: trig 2021/08/11 v1.11 sin cos tan (DPC)
)
(/usr/local/texlive/2022/texmf-dist/tex/latex/graphics-cfg/graphics.cfg
File: graphics.cfg 2016/06/04 v1.11 sample graphics configuration
)
Package graphics Info: Driver file: pdftex.def on input line 107.

(/usr/local/texlive/2022/texmf-dist/tex/latex/graphics-def/pdftex.def
File: pdftex.def 2020/10/05 v1.2a Graphics/color driver for pdftex
))
\Gin@req@height=\dimen173
\Gin@req@width=\dimen174
)
(/usr/local/texlive/2022/texmf-dist/tex/latex/pgf/systemlayer/pgfsys.sty
(/usr/local/texlive/2022/texmf-dist/tex/generic/pgf/systemlayer/pgfsys.code.tex
Package: pgfsys 2021/05/15 v3.1.9a (3.1.9a)
(/usr/local/texlive/2022/texmf-dist/tex/generic/pgf/utilities/pgfkeys.code.tex)
\pgf@x=\dimen175
\pgf@y=\dimen176
\pgf@xa=\dimen177
\pgf@ya=\dimen178
\pgf@xb=\dimen179
\pgf@yb=\dimen180
\pgf@xc=\dimen181
\pgf@yc=\dimen182
\pgf@xd=\dimen183
\pgf@yd=\dimen184
\w@pgf@writea=\write3
\r@pgf@reada=\read2
\c@pgf@counta=\count286
\c@pgf@countb=\count287
\c@pgf@countc=\count288
\c@pgf@countd=\count289
\t@pgf@toka=\toks25
\t@pgf@tokb=\toks26
\t@pgf@tokc=\toks27
\pgf@sys@id@count=\count290
(/usr/local/texlive/2022/texmf-dist/tex/generic/pgf/systemlayer/pgf.cfg
File: pgf.cfg 2021/05/15 v3.1.9a (3.1.9a)
)
Driver file for pgf: pgfsys-pdftex.def

(/usr/local/texlive/2022/texmf-dist/tex/generic/pgf/systemlayer/pgfsys-pdftex.d
ef
File: pgfsys-pdftex.def 2021/05/15 v3.1.9a (3.1.9a)

(/usr/local/texlive/2022/texmf-dist/tex/generic/pgf/systemlayer/pgfsys-common-p
df.def
File: pgfsys-common-pdf.def 2021/05/15 v3.1.9a (3.1.9a)
)))
(/usr/local/texlive/2022/texmf-dist/tex/generic/pgf/systemlayer/pgfsyssoftpath.
code.tex
File: pgfsyssoftpath.code.tex 2021/05/15 v3.1.9a (3.1.9a)
\pgfsyssoftpath@smallbuffer@items=\count291
\pgfsyssoftpath@bigbuffer@items=\count292
)
(/usr/local/texlive/2022/texmf-dist/tex/generic/pgf/systemlayer/pgfsysprotocol.
code.tex
File: pgfsysprotocol.code.tex 2021/05/15 v3.1.9a (3.1.9a)
)) (/usr/local/texlive/2022/texmf-dist/tex/latex/xcolor/xcolor.sty
Package: xcolor 2022/06/12 v2.14 LaTeX color extensions (UK)

(/usr/local/texlive/2022/texmf-dist/tex/latex/graphics-cfg/color.cfg
File: color.cfg 2016/01/02 v1.6 sample color configuration
)
Package xcolor Info: Driver file: pdftex.def on input line 227.

(/usr/local/texlive/2022/texmf-dist/tex/latex/graphics/mathcolor.ltx)
Package xcolor Info: Model `cmy' substituted by `cmy0' on input line 1353.
Package xcolor Info: Model `hsb' substituted by `rgb' on input line 1357.
Package xcolor Info: Model `RGB' extended on input line 1369.
Package xcolor Info: Model `HTML' substituted by `rgb' on input line 1371.
Package xcolor Info: Model `Hsb' substituted by `hsb' on input line 1372.
Package xcolor Info: Model `tHsb' substituted by `hsb' on input line 1373.
Package xcolor Info: Model `HSB' substituted by `hsb' on input line 1374.
Package xcolor Info: Model `Gray' substituted by `gray' on input line 1375.
Package xcolor Info: Model `wave' substituted by `hsb' on input line 1376.
)
(/usr/local/texlive/2022/texmf-dist/tex/generic/pgf/basiclayer/pgfcore.code.tex
Package: pgfcore 2021/05/15 v3.1.9a (3.1.9a)
(/usr/local/texlive/2022/texmf-dist/tex/generic/pgf/math/pgfmath.code.tex)
(/usr/local/texlive/2022/texmf-dist/tex/generic/pgf/math/pgfint.code.tex)
(/usr/local/texlive/2022/texmf-dist/tex/generic/pgf/basiclayer/pgfcorepoints.co
de.tex
File: pgfcorepoints.code.tex 2021/05/15 v3.1.9a (3.1.9a)
\pgf@picminx=\dimen185
\pgf@picmaxx=\dimen186
\pgf@picminy=\dimen187
\pgf@picmaxy=\dimen188
\pgf@pathminx=\dimen189
\pgf@pathmaxx=\dimen190
\pgf@pathminy=\dimen191
\pgf@pathmaxy=\dimen192
\pgf@xx=\dimen193
\pgf@xy=\dimen194
\pgf@yx=\dimen195
\pgf@yy=\dimen196
\pgf@zx=\dimen197
\pgf@zy=\dimen198
)
(/usr/local/texlive/2022/texmf-dist/tex/generic/pgf/basiclayer/pgfcorepathconst
ruct.code.tex
File: pgfcorepathconstruct.code.tex 2021/05/15 v3.1.9a (3.1.9a)
\pgf@path@lastx=\dimen199
\pgf@path@lasty=\dimen256
)
(/usr/local/texlive/2022/texmf-dist/tex/generic/pgf/basiclayer/pgfcorepathusage
.code.tex
File: pgfcorepathusage.code.tex 2021/05/15 v3.1.9a (3.1.9a)
\pgf@shorten@end@additional=\dimen257
\pgf@shorten@start@additional=\dimen258
)
(/usr/local/texlive/2022/texmf-dist/tex/generic/pgf/basiclayer/pgfcorescopes.co
de.tex
File: pgfcorescopes.code.tex 2021/05/15 v3.1.9a (3.1.9a)
\pgfpic=\box62
\pgf@hbox=\box63
\pgf@layerbox@main=\box64
\pgf@picture@serial@count=\count293
)
(/usr/local/texlive/2022/texmf-dist/tex/generic/pgf/basiclayer/pgfcoregraphicst
ate.code.tex
File: pgfcoregraphicstate.code.tex 2021/05/15 v3.1.9a (3.1.9a)
\pgflinewidth=\dimen259
)
(/usr/local/texlive/2022/texmf-dist/tex/generic/pgf/basiclayer/pgfcoretransform
ations.code.tex
File: pgfcoretransformations.code.tex 2021/05/15 v3.1.9a (3.1.9a)
\pgf@pt@x=\dimen260
\pgf@pt@y=\dimen261
\pgf@pt@temp=\dimen262
)
(/usr/local/texlive/2022/texmf-dist/tex/generic/pgf/basiclayer/pgfcorequick.cod
e.tex
File: pgfcorequick.code.tex 2021/05/15 v3.1.9a (3.1.9a)
)
(/usr/local/texlive/2022/texmf-dist/tex/generic/pgf/basiclayer/pgfcoreobjects.c
ode.tex
File: pgfcoreobjects.code.tex 2021/05/15 v3.1.9a (3.1.9a)
)
(/usr/local/texlive/2022/texmf-dist/tex/generic/pgf/basiclayer/pgfcorepathproce
ssing.code.tex
File: pgfcorepathprocessing.code.tex 2021/05/15 v3.1.9a (3.1.9a)
)
(/usr/local/texlive/2022/texmf-dist/tex/generic/pgf/basiclayer/pgfcorearrows.co
de.tex
File: pgfcorearrows.code.tex 2021/05/15 v3.1.9a (3.1.9a)
\pgfarrowsep=\dimen263
)
(/usr/local/texlive/2022/texmf-dist/tex/generic/pgf/basiclayer/pgfcoreshade.cod
e.tex
File: pgfcoreshade.code.tex 2021/05/15 v3.1.9a (3.1.9a)
\pgf@max=\dimen264
\pgf@sys@shading@range@num=\count294
\pgf@shadingcount=\count295
)
(/usr/local/texlive/2022/texmf-dist/tex/generic/pgf/basiclayer/pgfcoreimage.cod
e.tex
File: pgfcoreimage.code.tex 2021/05/15 v3.1.9a (3.1.9a)

(/usr/local/texlive/2022/texmf-dist/tex/generic/pgf/basiclayer/pgfcoreexternal.
code.tex
File: pgfcoreexternal.code.tex 2021/05/15 v3.1.9a (3.1.9a)
\pgfexternal@startupbox=\box65
))
(/usr/local/texlive/2022/texmf-dist/tex/generic/pgf/basiclayer/pgfcorelayers.co
de.tex
File: pgfcorelayers.code.tex 2021/05/15 v3.1.9a (3.1.9a)
)
(/usr/local/texlive/2022/texmf-dist/tex/generic/pgf/basiclayer/pgfcoretranspare
ncy.code.tex
File: pgfcoretransparency.code.tex 2021/05/15 v3.1.9a (3.1.9a)
)
(/usr/local/texlive/2022/texmf-dist/tex/generic/pgf/basiclayer/pgfcorepatterns.
code.tex
File: pgfcorepatterns.code.tex 2021/05/15 v3.1.9a (3.1.9a)
)
(/usr/local/texlive/2022/texmf-dist/tex/generic/pgf/basiclayer/pgfcorerdf.code.
tex
File: pgfcorerdf.code.tex 2021/05/15 v3.1.9a (3.1.9a)
))) (/usr/local/texlive/2022/texmf-dist/tex/latex/pgf/utilities/xxcolor.sty
Package: xxcolor 2003/10/24 ver 0.1
\XC@nummixins=\count296
\XC@countmixins=\count297
) (/usr/local/texlive/2022/texmf-dist/tex/latex/base/atbegshi-ltx.sty
Package: atbegshi-ltx 2021/01/10 v1.0c Emulation of the original atbegshi
package with kernel methods
)
(/usr/local/texlive/2022/texmf-dist/tex/latex/hyperref/hyperref.sty
Package: hyperref 2022-06-20 v7.00s Hypertext links for LaTeX

(/usr/local/texlive/2022/texmf-dist/tex/generic/ltxcmds/ltxcmds.sty
Package: ltxcmds 2020-05-10 v1.25 LaTeX kernel commands for general use (HO)
)
(/usr/local/texlive/2022/texmf-dist/tex/generic/pdftexcmds/pdftexcmds.sty
Package: pdftexcmds 2020-06-27 v0.33 Utility functions of pdfTeX for LuaTeX (HO
)

(/usr/local/texlive/2022/texmf-dist/tex/generic/infwarerr/infwarerr.sty
Package: infwarerr 2019/12/03 v1.5 Providing info/warning/error messages (HO)
)
Package pdftexcmds Info: \pdf@primitive is available.
Package pdftexcmds Info: \pdf@ifprimitive is available.
Package pdftexcmds Info: \pdfdraftmode found.
)
(/usr/local/texlive/2022/texmf-dist/tex/generic/kvsetkeys/kvsetkeys.sty
Package: kvsetkeys 2019/12/15 v1.18 Key value parser (HO)
)
(/usr/local/texlive/2022/texmf-dist/tex/generic/kvdefinekeys/kvdefinekeys.sty
Package: kvdefinekeys 2019-12-19 v1.6 Define keys (HO)
)
(/usr/local/texlive/2022/texmf-dist/tex/generic/pdfescape/pdfescape.sty
Package: pdfescape 2019/12/09 v1.15 Implements pdfTeX's escape features (HO)
)
(/usr/local/texlive/2022/texmf-dist/tex/latex/hycolor/hycolor.sty
Package: hycolor 2020-01-27 v1.10 Color options for hyperref/bookmark (HO)
)
(/usr/local/texlive/2022/texmf-dist/tex/latex/letltxmacro/letltxmacro.sty
Package: letltxmacro 2019/12/03 v1.6 Let assignment for LaTeX macros (HO)
)
(/usr/local/texlive/2022/texmf-dist/tex/latex/auxhook/auxhook.sty
Package: auxhook 2019-12-17 v1.6 Hooks for auxiliary files (HO)
)
(/usr/local/texlive/2022/texmf-dist/tex/latex/hyperref/nameref.sty
Package: nameref 2022-05-17 v2.50 Cross-referencing by name of section

(/usr/local/texlive/2022/texmf-dist/tex/latex/refcount/refcount.sty
Package: refcount 2019/12/15 v3.6 Data extraction from label references (HO)
)
(/usr/local/texlive/2022/texmf-dist/tex/generic/gettitlestring/gettitlestring.s
ty
Package: gettitlestring 2019/12/15 v1.6 Cleanup title references (HO)
 (/usr/local/texlive/2022/texmf-dist/tex/latex/kvoptions/kvoptions.sty
Package: kvoptions 2022-06-15 v3.15 Key value format for package options (HO)
))
\c@section@level=\count298
)
\@linkdim=\dimen265
\Hy@linkcounter=\count299
\Hy@pagecounter=\count300

(/usr/local/texlive/2022/texmf-dist/tex/latex/hyperref/pd1enc.def
File: pd1enc.def 2022-06-20 v7.00s Hyperref: PDFDocEncoding definition (HO)
Now handling font encoding PD1 ...
... no UTF-8 mapping file for font encoding PD1
)
(/usr/local/texlive/2022/texmf-dist/tex/generic/intcalc/intcalc.sty
Package: intcalc 2019/12/15 v1.3 Expandable calculations with integers (HO)
)
(/usr/local/texlive/2022/texmf-dist/tex/generic/etexcmds/etexcmds.sty
Package: etexcmds 2019/12/15 v1.7 Avoid name clashes with e-TeX commands (HO)
)
\Hy@SavedSpaceFactor=\count301

(/usr/local/texlive/2022/texmf-dist/tex/latex/hyperref/puenc.def
File: puenc.def 2022-06-20 v7.00s Hyperref: PDF Unicode definition (HO)
Now handling font encoding PU ...
... no UTF-8 mapping file for font encoding PU
)
Package hyperref Info: Option `bookmarks' set `true' on input line 4045.
Package hyperref Info: Option `bookmarksopen' set `true' on input line 4045.
Package hyperref Info: Option `implicit' set `false' on input line 4045.
Package hyperref Info: Hyper figures OFF on input line 4162.
Package hyperref Info: Link nesting OFF on input line 4167.
Package hyperref Info: Hyper index ON on input line 4170.
Package hyperref Info: Plain pages OFF on input line 4177.
Package hyperref Info: Backreferencing OFF on input line 4182.
Package hyperref Info: Implicit mode OFF; no redefinition of LaTeX internals.
Package hyperref Info: Bookmarks ON on input line 4408.
\c@Hy@tempcnt=\count302

(/usr/local/texlive/2022/texmf-dist/tex/latex/url/url.sty
\Urlmuskip=\muskip16
Package: url 2013/09/16  ver 3.4  Verb mode for urls, etc.
)
LaTeX Info: Redefining \url on input line 4746.
\XeTeXLinkMargin=\dimen266

(/usr/local/texlive/2022/texmf-dist/tex/generic/bitset/bitset.sty
Package: bitset 2019/12/09 v1.3 Handle bit-vector datatype (HO)

(/usr/local/texlive/2022/texmf-dist/tex/generic/bigintcalc/bigintcalc.sty
Package: bigintcalc 2019/12/15 v1.5 Expandable calculations on big integers (HO
)
))
\Fld@menulength=\count303
\Field@Width=\dimen267
\Fld@charsize=\dimen268
Package hyperref Info: Hyper figures OFF on input line 6024.
Package hyperref Info: Link nesting OFF on input line 6029.
Package hyperref Info: Hyper index ON on input line 6032.
Package hyperref Info: backreferencing OFF on input line 6039.
Package hyperref Info: Link coloring OFF on input line 6044.
Package hyperref Info: Link coloring with OCG OFF on input line 6049.
Package hyperref Info: PDF/A mode OFF on input line 6054.
\Hy@abspage=\count304


Package hyperref Message: Stopped early.

)
Package hyperref Info: Driver (autodetected): hpdftex.
 (/usr/local/texlive/2022/texmf-dist/tex/latex/hyperref/hpdftex.def
File: hpdftex.def 2022-06-20 v7.00s Hyperref driver for pdfTeX

(/usr/local/texlive/2022/texmf-dist/tex/latex/base/atveryend-ltx.sty
Package: atveryend-ltx 2020/08/19 v1.0a Emulation of the original atveryend pac
kage
with kernel methods
)
\Fld@listcount=\count305
\c@bookmark@seq@number=\count306

(/usr/local/texlive/2022/texmf-dist/tex/latex/rerunfilecheck/rerunfilecheck.sty
Package: rerunfilecheck 2022-07-10 v1.10 Rerun checks for auxiliary files (HO)

(/usr/local/texlive/2022/texmf-dist/tex/generic/uniquecounter/uniquecounter.sty
Package: uniquecounter 2019/12/15 v1.4 Provide unlimited unique counter (HO)
)
Package uniquecounter Info: New unique counter `rerunfilecheck' on input line 2
85.
)) (/usr/local/texlive/2022/texmf-dist/tex/latex/beamer/beamerbaserequires.sty
(/usr/local/texlive/2022/texmf-dist/tex/latex/beamer/beamerbasecompatibility.st
y) (/usr/local/texlive/2022/texmf-dist/tex/latex/beamer/beamerbasefont.sty
(/usr/local/texlive/2022/texmf-dist/tex/latex/amsfonts/amssymb.sty
Package: amssymb 2013/01/14 v3.01 AMS font symbols

(/usr/local/texlive/2022/texmf-dist/tex/latex/amsfonts/amsfonts.sty
Package: amsfonts 2013/01/14 v3.01 Basic AMSFonts support
\@emptytoks=\toks28
\symAMSa=\mathgroup4
\symAMSb=\mathgroup5
LaTeX Font Info:    Redeclaring math symbol \hbar on input line 98.
LaTeX Font Info:    Overwriting math alphabet `\mathfrak' in version `bold'
(Font)                  U/euf/m/n --> U/euf/b/n on input line 106.
))
(/usr/local/texlive/2022/texmf-dist/tex/latex/sansmathaccent/sansmathaccent.sty
Package: sansmathaccent 2020/01/31
(/usr/local/texlive/2022/texmf-dist/tex/latex/koma-script/scrlfile.sty
Package: scrlfile 2022/07/04 v3.37 KOMA-Script package (file load hooks)

(/usr/local/texlive/2022/texmf-dist/tex/latex/koma-script/scrlfile-hook.sty
Package: scrlfile-hook 2022/07/04 v3.37 KOMA-Script package (using LaTeX hooks)


(/usr/local/texlive/2022/texmf-dist/tex/latex/koma-script/scrlogo.sty
Package: scrlogo 2022/07/04 v3.37 KOMA-Script package (logo)
)))))
(/usr/local/texlive/2022/texmf-dist/tex/latex/beamer/beamerbasetranslator.sty
(/usr/local/texlive/2022/texmf-dist/tex/latex/translator/translator.sty
Package: translator 2021-05-31 v1.12d Easy translation of strings in LaTeX
))
(/usr/local/texlive/2022/texmf-dist/tex/latex/beamer/beamerbasemisc.sty)
(/usr/local/texlive/2022/texmf-dist/tex/latex/beamer/beamerbasetwoscreens.sty)
(/usr/local/texlive/2022/texmf-dist/tex/latex/beamer/beamerbaseoverlay.sty
\beamer@argscount=\count307
\beamer@lastskipcover=\skip50
\beamer@trivlistdepth=\count308
)
(/usr/local/texlive/2022/texmf-dist/tex/latex/beamer/beamerbasetitle.sty)
(/usr/local/texlive/2022/texmf-dist/tex/latex/beamer/beamerbasesection.sty
\c@lecture=\count309
\c@part=\count310
\c@section=\count311
\c@subsection=\count312
\c@subsubsection=\count313
)
(/usr/local/texlive/2022/texmf-dist/tex/latex/beamer/beamerbaseframe.sty
\beamer@framebox=\box66
\beamer@frametitlebox=\box67
\beamer@zoombox=\box68
\beamer@zoomcount=\count314
\beamer@zoomframecount=\count315
\beamer@frametextheight=\dimen269
\c@subsectionslide=\count316
\beamer@frametopskip=\skip51
\beamer@framebottomskip=\skip52
\beamer@frametopskipautobreak=\skip53
\beamer@framebottomskipautobreak=\skip54
\beamer@envbody=\toks29
\framewidth=\dimen270
\c@framenumber=\count317
)
(/usr/local/texlive/2022/texmf-dist/tex/latex/beamer/beamerbaseverbatim.sty
\beamer@verbatimfileout=\write4
)
(/usr/local/texlive/2022/texmf-dist/tex/latex/beamer/beamerbaseframesize.sty
\beamer@splitbox=\box69
\beamer@autobreakcount=\count318
\beamer@autobreaklastheight=\dimen271
\beamer@frametitletoks=\toks30
\beamer@framesubtitletoks=\toks31
)
(/usr/local/texlive/2022/texmf-dist/tex/latex/beamer/beamerbaseframecomponents.
sty
\beamer@footins=\box70
) (/usr/local/texlive/2022/texmf-dist/tex/latex/beamer/beamerbasecolor.sty)
(/usr/local/texlive/2022/texmf-dist/tex/latex/beamer/beamerbasenotes.sty
\beamer@frameboxcopy=\box71
)
(/usr/local/texlive/2022/texmf-dist/tex/latex/beamer/beamerbasetoc.sty)
(/usr/local/texlive/2022/texmf-dist/tex/latex/beamer/beamerbasetemplates.sty
\beamer@sbttoks=\toks32

(/usr/local/texlive/2022/texmf-dist/tex/latex/beamer/beamerbaseauxtemplates.sty
(/usr/local/texlive/2022/texmf-dist/tex/latex/beamer/beamerbaseboxes.sty
\bmb@box=\box72
\bmb@colorbox=\box73
\bmb@boxwidth=\dimen272
\bmb@boxheight=\dimen273
\bmb@prevheight=\dimen274
\bmb@temp=\dimen275
\bmb@dima=\dimen276
\bmb@dimb=\dimen277
\bmb@prevheight=\dimen278
)
\beamer@blockheadheight=\dimen279
))
(/usr/local/texlive/2022/texmf-dist/tex/latex/beamer/beamerbaselocalstructure.s
ty (/usr/local/texlive/2022/texmf-dist/tex/latex/tools/enumerate.sty
Package: enumerate 2015/07/23 v3.00 enumerate extensions (DPC)
\@enLab=\toks33
)
\beamer@bibiconwidth=\skip55
\c@figure=\count319
\c@table=\count320
\abovecaptionskip=\skip56
\belowcaptionskip=\skip57
)
(/usr/local/texlive/2022/texmf-dist/tex/latex/beamer/beamerbasenavigation.sty
\beamer@section@min@dim=\dimen280
)
(/usr/local/texlive/2022/texmf-dist/tex/latex/beamer/beamerbasetheorems.sty
(/usr/local/texlive/2022/texmf-dist/tex/latex/amsmath/amsmath.sty
Package: amsmath 2022/04/08 v2.17n AMS math features
\@mathmargin=\skip58

For additional information on amsmath, use the `?' option.
(/usr/local/texlive/2022/texmf-dist/tex/latex/amsmath/amstext.sty
Package: amstext 2021/08/26 v2.01 AMS text

(/usr/local/texlive/2022/texmf-dist/tex/latex/amsmath/amsgen.sty
File: amsgen.sty 1999/11/30 v2.0 generic functions
\@emptytoks=\toks34
\ex@=\dimen281
))
(/usr/local/texlive/2022/texmf-dist/tex/latex/amsmath/amsbsy.sty
Package: amsbsy 1999/11/29 v1.2d Bold Symbols
\pmbraise@=\dimen282
)
(/usr/local/texlive/2022/texmf-dist/tex/latex/amsmath/amsopn.sty
Package: amsopn 2022/04/08 v2.04 operator names
)
\inf@bad=\count321
LaTeX Info: Redefining \frac on input line 234.
\uproot@=\count322
\leftroot@=\count323
LaTeX Info: Redefining \overline on input line 399.
LaTeX Info: Redefining \colon on input line 410.
\classnum@=\count324
\DOTSCASE@=\count325
LaTeX Info: Redefining \ldots on input line 496.
LaTeX Info: Redefining \dots on input line 499.
LaTeX Info: Redefining \cdots on input line 620.
\Mathstrutbox@=\box74
\strutbox@=\box75
LaTeX Info: Redefining \big on input line 722.
LaTeX Info: Redefining \Big on input line 723.
LaTeX Info: Redefining \bigg on input line 724.
LaTeX Info: Redefining \Bigg on input line 725.
\big@size=\dimen283
LaTeX Font Info:    Redeclaring font encoding OML on input line 743.
LaTeX Font Info:    Redeclaring font encoding OMS on input line 744.
\macc@depth=\count326
LaTeX Info: Redefining \bmod on input line 905.
LaTeX Info: Redefining \pmod on input line 910.
LaTeX Info: Redefining \smash on input line 940.
LaTeX Info: Redefining \relbar on input line 970.
LaTeX Info: Redefining \Relbar on input line 971.
\c@MaxMatrixCols=\count327
\dotsspace@=\muskip17
\c@parentequation=\count328
\dspbrk@lvl=\count329
\tag@help=\toks35
\row@=\count330
\column@=\count331
\maxfields@=\count332
\andhelp@=\toks36
\eqnshift@=\dimen284
\alignsep@=\dimen285
\tagshift@=\dimen286
\tagwidth@=\dimen287
\totwidth@=\dimen288
\lineht@=\dimen289
\@envbody=\toks37
\multlinegap=\skip59
\multlinetaggap=\skip60
\mathdisplay@stack=\toks38
LaTeX Info: Redefining \[ on input line 2953.
LaTeX Info: Redefining \] on input line 2954.
)
(/usr/local/texlive/2022/texmf-dist/tex/latex/amscls/amsthm.sty
Package: amsthm 2020/05/29 v2.20.6
\thm@style=\toks39
\thm@bodyfont=\toks40
\thm@headfont=\toks41
\thm@notefont=\toks42
\thm@headpunct=\toks43
\thm@preskip=\skip61
\thm@postskip=\skip62
\thm@headsep=\skip63
\dth@everypar=\toks44
)
\c@theorem=\count333
)
(/usr/local/texlive/2022/texmf-dist/tex/latex/beamer/beamerbasethemes.sty))
(/usr/local/texlive/2022/texmf-dist/tex/latex/beamer/beamerthemedefault.sty
(/usr/local/texlive/2022/texmf-dist/tex/latex/beamer/beamerfontthemedefault.sty
)
(/usr/local/texlive/2022/texmf-dist/tex/latex/beamer/beamercolorthemedefault.st
y)
(/usr/local/texlive/2022/texmf-dist/tex/latex/beamer/beamerinnerthemedefault.st
y
\beamer@dima=\dimen290
\beamer@dimb=\dimen291
)
(/usr/local/texlive/2022/texmf-dist/tex/latex/beamer/beamerouterthemedefault.st
y))) (./00_structure.tex
(/usr/local/texlive/2022/texmf-dist/tex/latex/psnfss/helvet.sty
Package: helvet 2020/03/25 PSNFSS-v9.3 (WaS) 
)
(/usr/local/texlive/2022/texmf-dist/tex/latex/booktabs/booktabs.sty
Package: booktabs 2020/01/12 v1.61803398 Publication quality tables
\heavyrulewidth=\dimen292
\lightrulewidth=\dimen293
\cmidrulewidth=\dimen294
\belowrulesep=\dimen295
\belowbottomsep=\dimen296
\aboverulesep=\dimen297
\abovetopsep=\dimen298
\cmidrulesep=\dimen299
\cmidrulekern=\dimen300
\defaultaddspace=\dimen301
\@cmidla=\count334
\@cmidlb=\count335
\@aboverulesep=\dimen302
\@belowrulesep=\dimen303
\@thisruleclass=\count336
\@lastruleclass=\count337
\@thisrulewidth=\dimen304
)
(/usr/local/texlive/2022/texmf-dist/tex/latex/beamer/multimedia.sty
Package: multimedia 2012/05/02 ver 0.02

(/usr/local/texlive/2022/texmf-dist/tex/generic/iftex/ifpdf.sty
Package: ifpdf 2019/10/25 v3.4 ifpdf legacy package. Use iftex instead.
)
\mm@movie=\count338
)
(/usr/local/texlive/2022/texmf-dist/tex/latex/tools/hhline.sty
Package: hhline 2020/01/04 v2.04 Table rule package (DPC)
)
(/usr/local/texlive/2022/texmf-dist/tex/latex/graphics/rotating.sty
Package: rotating 2016/08/11 v2.16d rotated objects in LaTeX

(/usr/local/texlive/2022/texmf-dist/tex/latex/base/ifthen.sty
Package: ifthen 2022/04/13 v1.1d Standard LaTeX ifthen package (DPC)
)
\c@r@tfl@t=\count339
\rotFPtop=\skip64
\rotFPbot=\skip65
\rot@float@box=\box76
\rot@mess@toks=\toks45
)
(/usr/local/texlive/2022/texmf-dist/tex/latex/pgf/basiclayer/pgf.sty
Package: pgf 2021/05/15 v3.1.9a (3.1.9a)

(/usr/local/texlive/2022/texmf-dist/tex/generic/pgf/modules/pgfmoduleshapes.cod
e.tex
File: pgfmoduleshapes.code.tex 2021/05/15 v3.1.9a (3.1.9a)
\pgfnodeparttextbox=\box77
)
(/usr/local/texlive/2022/texmf-dist/tex/generic/pgf/modules/pgfmoduleplot.code.
tex
File: pgfmoduleplot.code.tex 2021/05/15 v3.1.9a (3.1.9a)
)
(/usr/local/texlive/2022/texmf-dist/tex/latex/pgf/compatibility/pgfcomp-version
-0-65.sty
Package: pgfcomp-version-0-65 2021/05/15 v3.1.9a (3.1.9a)
\pgf@nodesepstart=\dimen305
\pgf@nodesepend=\dimen306
)
(/usr/local/texlive/2022/texmf-dist/tex/latex/pgf/compatibility/pgfcomp-version
-1-18.sty
Package: pgfcomp-version-1-18 2021/05/15 v3.1.9a (3.1.9a)
))
(/usr/local/texlive/2022/texmf-dist/tex/latex/pgf/frontendlayer/tikz.sty
(/usr/local/texlive/2022/texmf-dist/tex/latex/pgf/utilities/pgffor.sty
(/usr/local/texlive/2022/texmf-dist/tex/generic/pgf/utilities/pgffor.code.tex
Package: pgffor 2021/05/15 v3.1.9a (3.1.9a)

(/usr/local/texlive/2022/texmf-dist/tex/generic/pgf/math/pgfmath.code.tex)
\pgffor@iter=\dimen307
\pgffor@skip=\dimen308
\pgffor@stack=\toks46
\pgffor@toks=\toks47
))
(/usr/local/texlive/2022/texmf-dist/tex/generic/pgf/frontendlayer/tikz/tikz.cod
e.tex
Package: tikz 2021/05/15 v3.1.9a (3.1.9a)

(/usr/local/texlive/2022/texmf-dist/tex/generic/pgf/libraries/pgflibraryplothan
dlers.code.tex
File: pgflibraryplothandlers.code.tex 2021/05/15 v3.1.9a (3.1.9a)
\pgf@plot@mark@count=\count340
\pgfplotmarksize=\dimen309
)
\tikz@lastx=\dimen310
\tikz@lasty=\dimen311
\tikz@lastxsaved=\dimen312
\tikz@lastysaved=\dimen313
\tikz@lastmovetox=\dimen314
\tikz@lastmovetoy=\dimen315
\tikzleveldistance=\dimen316
\tikzsiblingdistance=\dimen317
\tikz@figbox=\box78
\tikz@figbox@bg=\box79
\tikz@tempbox=\box80
\tikz@tempbox@bg=\box81
\tikztreelevel=\count341
\tikznumberofchildren=\count342
\tikznumberofcurrentchild=\count343
\tikz@fig@count=\count344

(/usr/local/texlive/2022/texmf-dist/tex/generic/pgf/modules/pgfmodulematrix.cod
e.tex
File: pgfmodulematrix.code.tex 2021/05/15 v3.1.9a (3.1.9a)
\pgfmatrixcurrentrow=\count345
\pgfmatrixcurrentcolumn=\count346
\pgf@matrix@numberofcolumns=\count347
)
\tikz@expandcount=\count348

(/usr/local/texlive/2022/texmf-dist/tex/generic/pgf/frontendlayer/tikz/librarie
s/tikzlibrarytopaths.code.tex
File: tikzlibrarytopaths.code.tex 2021/05/15 v3.1.9a (3.1.9a)
)))
(/usr/local/texlive/2022/texmf-dist/tex/generic/pgf/frontendlayer/tikz/librarie
s/tikzlibraryarrows.code.tex
File: tikzlibraryarrows.code.tex 2021/05/15 v3.1.9a (3.1.9a)

(/usr/local/texlive/2022/texmf-dist/tex/generic/pgf/libraries/pgflibraryarrows.
code.tex
File: pgflibraryarrows.code.tex 2021/05/15 v3.1.9a (3.1.9a)
\arrowsize=\dimen318
))
(/usr/local/texlive/2022/texmf-dist/tex/generic/pgf/frontendlayer/tikz/librarie
s/tikzlibraryshapes.code.tex
File: tikzlibraryshapes.code.tex 2021/05/15 v3.1.9a (3.1.9a)

(/usr/local/texlive/2022/texmf-dist/tex/generic/pgf/frontendlayer/tikz/librarie
s/tikzlibraryshapes.geometric.code.tex
File: tikzlibraryshapes.geometric.code.tex 2021/05/15 v3.1.9a (3.1.9a)

(/usr/local/texlive/2022/texmf-dist/tex/generic/pgf/libraries/shapes/pgflibrary
shapes.geometric.code.tex
File: pgflibraryshapes.geometric.code.tex 2021/05/15 v3.1.9a (3.1.9a)
))
(/usr/local/texlive/2022/texmf-dist/tex/generic/pgf/frontendlayer/tikz/librarie
s/tikzlibraryshapes.misc.code.tex
File: tikzlibraryshapes.misc.code.tex 2021/05/15 v3.1.9a (3.1.9a)

(/usr/local/texlive/2022/texmf-dist/tex/generic/pgf/libraries/shapes/pgflibrary
shapes.misc.code.tex
File: pgflibraryshapes.misc.code.tex 2021/05/15 v3.1.9a (3.1.9a)
))
(/usr/local/texlive/2022/texmf-dist/tex/generic/pgf/frontendlayer/tikz/librarie
s/tikzlibraryshapes.symbols.code.tex
File: tikzlibraryshapes.symbols.code.tex 2021/05/15 v3.1.9a (3.1.9a)

(/usr/local/texlive/2022/texmf-dist/tex/generic/pgf/libraries/shapes/pgflibrary
shapes.symbols.code.tex
File: pgflibraryshapes.symbols.code.tex 2021/05/15 v3.1.9a (3.1.9a)
))
(/usr/local/texlive/2022/texmf-dist/tex/generic/pgf/frontendlayer/tikz/librarie
s/tikzlibraryshapes.arrows.code.tex
File: tikzlibraryshapes.arrows.code.tex 2021/05/15 v3.1.9a (3.1.9a)

(/usr/local/texlive/2022/texmf-dist/tex/generic/pgf/libraries/shapes/pgflibrary
shapes.arrows.code.tex
File: pgflibraryshapes.arrows.code.tex 2021/05/15 v3.1.9a (3.1.9a)
))
(/usr/local/texlive/2022/texmf-dist/tex/generic/pgf/frontendlayer/tikz/librarie
s/tikzlibraryshapes.callouts.code.tex
(/usr/local/texlive/2022/texmf-dist/tex/generic/pgf/libraries/shapes/pgflibrary
shapes.callouts.code.tex))
(/usr/local/texlive/2022/texmf-dist/tex/generic/pgf/frontendlayer/tikz/librarie
s/tikzlibraryshapes.multipart.code.tex
File: tikzlibraryshapes.multipart.code.tex 2021/05/15 v3.1.9a (3.1.9a)

(/usr/local/texlive/2022/texmf-dist/tex/generic/pgf/libraries/shapes/pgflibrary
shapes.multipart.code.tex
File: pgflibraryshapes.multipart.code.tex 2021/05/15 v3.1.9a (3.1.9a)
\pgfnodepartlowerbox=\box82
\pgfnodeparttwobox=\box83
\pgfnodepartthreebox=\box84
\pgfnodepartfourbox=\box85
\pgfnodeparttwentybox=\box86
\pgfnodepartnineteenbox=\box87
\pgfnodeparteighteenbox=\box88
\pgfnodepartseventeenbox=\box89
\pgfnodepartsixteenbox=\box90
\pgfnodepartfifteenbox=\box91
\pgfnodepartfourteenbox=\box92
\pgfnodepartthirteenbox=\box93
\pgfnodeparttwelvebox=\box94
\pgfnodepartelevenbox=\box95
\pgfnodeparttenbox=\box96
\pgfnodepartninebox=\box97
\pgfnodeparteightbox=\box98
\pgfnodepartsevenbox=\box99
\pgfnodepartsixbox=\box100
\pgfnodepartfivebox=\box101
)))
(/usr/local/texlive/2022/texmf-dist/tex/generic/pgf/frontendlayer/tikz/librarie
s/tikzlibrarycalc.code.tex
File: tikzlibrarycalc.code.tex 2021/05/15 v3.1.9a (3.1.9a)
)
(/usr/local/texlive/2022/texmf-dist/tex/generic/pgf/frontendlayer/tikz/librarie
s/tikzlibrarypositioning.code.tex
File: tikzlibrarypositioning.code.tex 2021/05/15 v3.1.9a (3.1.9a)
)
(/usr/local/texlive/2022/texmf-dist/tex/generic/pgf/frontendlayer/tikz/librarie
s/tikzlibrarypatterns.code.tex
File: tikzlibrarypatterns.code.tex 2021/05/15 v3.1.9a (3.1.9a)

(/usr/local/texlive/2022/texmf-dist/tex/generic/pgf/libraries/pgflibrarypattern
s.code.tex
File: pgflibrarypatterns.code.tex 2021/05/15 v3.1.9a (3.1.9a)
))
(/usr/local/texlive/2022/texmf-dist/tex/generic/pgf/frontendlayer/tikz/librarie
s/tikzlibraryfit.code.tex
File: tikzlibraryfit.code.tex 2021/05/15 v3.1.9a (3.1.9a)
)
(/usr/local/texlive/2022/texmf-dist/tex/generic/pgf/frontendlayer/tikz/librarie
s/tikzlibrarymatrix.code.tex
File: tikzlibrarymatrix.code.tex 2021/05/15 v3.1.9a (3.1.9a)
)
(/usr/local/texlive/2022/texmf-dist/tex/generic/pgf/frontendlayer/tikz/librarie
s/tikzlibrarytrees.code.tex
File: tikzlibrarytrees.code.tex 2021/05/15 v3.1.9a (3.1.9a)
)
(/usr/local/texlive/2022/texmf-dist/tex/generic/pgf/frontendlayer/tikz/librarie
s/tikzlibraryautomata.code.tex
File: tikzlibraryautomata.code.tex 2021/05/15 v3.1.9a (3.1.9a)
)
(/usr/local/texlive/2022/texmf-dist/tex/latex/setspace/setspace.sty
Package: setspace 2011/12/19 v6.7a set line spacing
)
(/usr/local/texlive/2022/texmf-dist/tex/latex/multirow/multirow.sty
Package: multirow 2021/03/15 v2.8 Span multiple rows of a table
\multirow@colwidth=\skip66
\multirow@cntb=\count349
\multirow@dima=\skip67
\bigstrutjot=\dimen319
)
(/usr/local/texlive/2022/texmf-dist/tex/latex/tools/multicol.sty
Package: multicol 2021/11/30 v1.9d multicolumn formatting (FMi)
\c@tracingmulticols=\count350
\mult@box=\box102
\multicol@leftmargin=\dimen320
\c@unbalance=\count351
\c@collectmore=\count352
\doublecol@number=\count353
\multicoltolerance=\count354
\multicolpretolerance=\count355
\full@width=\dimen321
\page@free=\dimen322
\premulticols=\dimen323
\postmulticols=\dimen324
\multicolsep=\skip68
\multicolbaselineskip=\skip69
\partial@page=\box103
\last@line=\box104
\maxbalancingoverflow=\dimen325
\mult@rightbox=\box105
\mult@grightbox=\box106
\mult@firstbox=\box107
\mult@gfirstbox=\box108
\@tempa=\box109
\@tempa=\box110
\@tempa=\box111
\@tempa=\box112
\@tempa=\box113
\@tempa=\box114
\@tempa=\box115
\@tempa=\box116
\@tempa=\box117
\@tempa=\box118
\@tempa=\box119
\@tempa=\box120
\@tempa=\box121
\@tempa=\box122
\@tempa=\box123
\@tempa=\box124
\@tempa=\box125
\@tempa=\box126
\@tempa=\box127
\@tempa=\box128
\@tempa=\box129
\@tempa=\box130
\@tempa=\box131
\@tempa=\box132
\@tempa=\box133
\@tempa=\box134
\@tempa=\box135
\@tempa=\box136
\@tempa=\box137
\@tempa=\box138
\@tempa=\box139
\@tempa=\box140
\@tempa=\box141
\@tempa=\box142
\@tempa=\box143
\@tempa=\box144
\c@minrows=\count356
\c@columnbadness=\count357
\c@finalcolumnbadness=\count358
\last@try=\dimen326
\multicolovershoot=\dimen327
\multicolundershoot=\dimen328
\mult@nat@firstbox=\box145
\colbreak@box=\box146
\mc@col@check@num=\count359
)
(/usr/local/texlive/2022/texmf-dist/tex/latex/base/inputenc.sty
Package: inputenc 2021/02/14 v1.3d Input encoding file
\inpenc@prehook=\toks48
\inpenc@posthook=\toks49

(/usr/local/texlive/2022/texmf-dist/tex/latex/base/latin1.def
File: latin1.def 2021/02/14 v1.3d Input encoding file
))
(/usr/local/texlive/2022/texmf-dist/tex/latex/units/units.sty
Package: units 1998/08/04 v0.9b Typesetting units

(/usr/local/texlive/2022/texmf-dist/tex/latex/units/nicefrac.sty
Package: nicefrac 1998/08/04 v0.9b Nice fractions
\L@UnitsRaiseDisplaystyle=\skip70
\L@UnitsRaiseTextstyle=\skip71
\L@UnitsRaiseScriptstyle=\skip72
))
(/usr/local/texlive/2022/texmf-dist/tex/latex/relsize/relsize.sty
Package: relsize 2013/03/29 ver 4.1
)
(/usr/local/texlive/2022/texmf-dist/tex/latex/epstopdf-pkg/epstopdf.sty
Package: epstopdf 2020-01-24 v2.11 Conversion with epstopdf on the fly (HO)

(/usr/local/texlive/2022/texmf-dist/tex/latex/grfext/grfext.sty
Package: grfext 2019/12/03 v1.3 Manage graphics extensions (HO)
)
(/usr/local/texlive/2022/texmf-dist/tex/latex/epstopdf-pkg/epstopdf-base.sty
Package: epstopdf-base 2020-01-24 v2.11 Base part for package epstopdf
Package epstopdf-base Info: Redefining graphics rule for `.eps' on input line 4
85.
Package grfext Info: Graphics extension search list:
(grfext)             [.pdf,.png,.jpg,.mps,.jpeg,.jbig2,.jb2,.PDF,.PNG,.JPG,.JPE
G,.JBIG2,.JB2,.eps]
(grfext)             \AppendGraphicsExtensions on input line 504.

(/usr/local/texlive/2022/texmf-dist/tex/latex/latexconfig/epstopdf-sys.cfg
File: epstopdf-sys.cfg 2010/07/13 v1.3 Configuration of (r)epstopdf for TeX Liv
e
)))
(./beamerthemeCROSS.sty
Package: beamerthemeCROSS 2021/05/15 v3.1.9a (3.1.9a)
 (./beamerfontthemeCROSS.sty
Package: beamerfontthemeCROSS 2021/05/15 v3.1.9a (3.1.9a)
)
(./beamerinnerthemeCROSS.sty
Package: beamerinnerthemeCROSS 2021/05/15 v3.1.9a (3.1.9a)
) (./beamerouterthemeCROSS.sty
Package: beamerouterthemeCROSS 2021/05/15 v3.1.9a (3.1.9a)
\beamer@sidebarwidth=\dimen329
\beamer@headheight=\dimen330
\beamer@footheight=\dimen331
\beamer@linelength=\dimen332
LaTeX Font Info:    Trying to load font information for OT1+phv on input line 1
7.

(/usr/local/texlive/2022/texmf-dist/tex/latex/psnfss/ot1phv.fd
File: ot1phv.fd 2020/03/25 scalable font definitions for OT1/phv.
))
(./beamercolorthemeCROSS.sty
Package: beamercolorthemeCROSS 2021/05/15 v3.1.9a (3.1.9a)
)))
(/usr/local/texlive/2022/texmf-dist/tex/latex/l3backend/l3backend-pdftex.def
File: l3backend-pdftex.def 2022-08-23 L3 backend support: PDF output (pdfTeX)
\l__color_backend_stack_int=\count360
\l__pdf_internal_box=\box147
)
(./00_main.aux)
\openout1 = `00_main.aux'.

LaTeX Font Info:    Checking defaults for OML/cmm/m/it on input line 10.
LaTeX Font Info:    ... okay on input line 10.
LaTeX Font Info:    Checking defaults for OMS/cmsy/m/n on input line 10.
LaTeX Font Info:    ... okay on input line 10.
LaTeX Font Info:    Checking defaults for OT1/cmr/m/n on input line 10.
LaTeX Font Info:    ... okay on input line 10.
LaTeX Font Info:    Checking defaults for T1/cmr/m/n on input line 10.
LaTeX Font Info:    ... okay on input line 10.
LaTeX Font Info:    Checking defaults for TS1/cmr/m/n on input line 10.
LaTeX Font Info:    ... okay on input line 10.
LaTeX Font Info:    Checking defaults for OMX/cmex/m/n on input line 10.
LaTeX Font Info:    ... okay on input line 10.
LaTeX Font Info:    Checking defaults for U/cmr/m/n on input line 10.
LaTeX Font Info:    ... okay on input line 10.
LaTeX Font Info:    Checking defaults for PD1/pdf/m/n on input line 10.
LaTeX Font Info:    ... okay on input line 10.
LaTeX Font Info:    Checking defaults for PU/pdf/m/n on input line 10.
LaTeX Font Info:    ... okay on input line 10.

*geometry* driver: auto-detecting
*geometry* detected driver: pdftex
*geometry* verbose mode - [ preamble ] result:
* driver: pdftex
* paper: custom
* layout: <same size as paper>
* layoutoffset:(h,v)=(0.0pt,0.0pt)
* modes: includehead includefoot 
* h-part:(L,W,R)=(14.22638pt, 327.2067pt, 22.76228pt)
* v-part:(T,H,B)=(0.0pt, 273.14662pt, 0.0pt)
* \paperwidth=364.19536pt
* \paperheight=273.14662pt
* \textwidth=327.2067pt
* \textheight=244.6939pt
* \oddsidemargin=-58.04361pt
* \evensidemargin=-58.04361pt
* \topmargin=-72.26999pt
* \headheight=14.22636pt
* \headsep=0.0pt
* \topskip=11.0pt
* \footskip=14.22636pt
* \marginparwidth=4.0pt
* \marginparsep=10.0pt
* \columnsep=10.0pt
* \skip\footins=10.0pt plus 4.0pt minus 2.0pt
* \hoffset=0.0pt
* \voffset=0.0pt
* \mag=1000
* \@twocolumnfalse
* \@twosidefalse
* \@mparswitchfalse
* \@reversemarginfalse
* (1in=72.27pt=25.4mm, 1cm=28.453pt)

(/usr/local/texlive/2022/texmf-dist/tex/context/base/mkii/supp-pdf.mkii
[Loading MPS to PDF converter (version 2006.09.02).]
\scratchcounter=\count361
\scratchdimen=\dimen333
\scratchbox=\box148
\nofMPsegments=\count362
\nofMParguments=\count363
\everyMPshowfont=\toks50
\MPscratchCnt=\count364
\MPscratchDim=\dimen334
\MPnumerator=\count365
\makeMPintoPDFobject=\count366
\everyMPtoPDFconversion=\toks51
)
Package hyperref Info: Link coloring OFF on input line 10.
 (./00_main.out) (./00_main.out)
\@outlinefile=\write5
\openout5 = `00_main.out'.

LaTeX Font Info:    Overwriting symbol font `operators' in version `normal'
(Font)                  OT1/cmr/m/n --> OT1/cmss/m/n on input line 10.
LaTeX Font Info:    Overwriting symbol font `operators' in version `bold'
(Font)                  OT1/cmr/bx/n --> OT1/cmss/b/n on input line 10.
\symnumbers=\mathgroup6
\sympureletters=\mathgroup7
LaTeX Font Info:    Overwriting math alphabet `\mathrm' in version `normal'
(Font)                  OT1/cmss/m/n --> OT1/cmr/m/n on input line 10.
LaTeX Font Info:    Redeclaring math alphabet \mathbf on input line 10.
LaTeX Font Info:    Overwriting math alphabet `\mathbf' in version `normal'
(Font)                  OT1/cmr/bx/n --> OT1/phv/b/n on input line 10.
LaTeX Font Info:    Overwriting math alphabet `\mathbf' in version `bold'
(Font)                  OT1/cmr/bx/n --> OT1/phv/b/n on input line 10.
LaTeX Font Info:    Redeclaring math alphabet \mathsf on input line 10.
LaTeX Font Info:    Overwriting math alphabet `\mathsf' in version `normal'
(Font)                  OT1/cmss/m/n --> OT1/phv/m/n on input line 10.
LaTeX Font Info:    Overwriting math alphabet `\mathsf' in version `bold'
(Font)                  OT1/cmss/bx/n --> OT1/phv/m/n on input line 10.
LaTeX Font Info:    Redeclaring math alphabet \mathit on input line 10.
LaTeX Font Info:    Overwriting math alphabet `\mathit' in version `normal'
(Font)                  OT1/cmr/m/it --> OT1/phv/m/it on input line 10.
LaTeX Font Info:    Overwriting math alphabet `\mathit' in version `bold'
(Font)                  OT1/cmr/bx/it --> OT1/phv/m/it on input line 10.
LaTeX Font Info:    Redeclaring math alphabet \mathtt on input line 10.
LaTeX Font Info:    Overwriting math alphabet `\mathtt' in version `normal'
(Font)                  OT1/cmtt/m/n --> OT1/cmtt/m/n on input line 10.
LaTeX Font Info:    Overwriting math alphabet `\mathtt' in version `bold'
(Font)                  OT1/cmtt/m/n --> OT1/cmtt/m/n on input line 10.
LaTeX Font Info:    Overwriting symbol font `numbers' in version `bold'
(Font)                  OT1/phv/m/n --> OT1/phv/b/n on input line 10.
LaTeX Font Info:    Overwriting symbol font `pureletters' in version `bold'
(Font)                  OT1/phv/m/it --> OT1/phv/b/it on input line 10.
LaTeX Font Info:    Overwriting math alphabet `\mathrm' in version `bold'
(Font)                  OT1/cmss/b/n --> OT1/cmr/b/n on input line 10.
LaTeX Font Info:    Overwriting math alphabet `\mathbf' in version `bold'
(Font)                  OT1/phv/b/n --> OT1/phv/b/n on input line 10.
LaTeX Font Info:    Overwriting math alphabet `\mathsf' in version `bold'
(Font)                  OT1/phv/m/n --> OT1/phv/b/n on input line 10.
LaTeX Font Info:    Overwriting math alphabet `\mathit' in version `bold'
(Font)                  OT1/phv/m/it --> OT1/phv/b/it on input line 10.
LaTeX Font Info:    Overwriting math alphabet `\mathtt' in version `bold'
(Font)                  OT1/cmtt/m/n --> OT1/cmtt/b/n on input line 10.

(/usr/local/texlive/2022/texmf-dist/tex/latex/translator/translator-basic-dicti
onary-English.dict
Dictionary: translator-basic-dictionary, Language: English 
)
(/usr/local/texlive/2022/texmf-dist/tex/latex/translator/translator-bibliograph
y-dictionary-English.dict
Dictionary: translator-bibliography-dictionary, Language: English 
)
(/usr/local/texlive/2022/texmf-dist/tex/latex/translator/translator-environment
-dictionary-English.dict
Dictionary: translator-environment-dictionary, Language: English 
)
(/usr/local/texlive/2022/texmf-dist/tex/latex/translator/translator-months-dict
ionary-English.dict
Dictionary: translator-months-dictionary, Language: English 
)
(/usr/local/texlive/2022/texmf-dist/tex/latex/translator/translator-numbers-dic
tionary-English.dict
Dictionary: translator-numbers-dictionary, Language: English 
)
(/usr/local/texlive/2022/texmf-dist/tex/latex/translator/translator-theorem-dic
tionary-English.dict
Dictionary: translator-theorem-dictionary, Language: English 
) (./00_main.nav)
<logos/LogoSweetZusatz-CoSi.pdf, id=31, 173.64874pt x 63.23625pt>
File: logos/LogoSweetZusatz-CoSi.pdf Graphic file (type pdf)
<use logos/LogoSweetZusatz-CoSi.pdf>
Package pdftex.def Info: logos/LogoSweetZusatz-CoSi.pdf  used on input line 16.

(pdftex.def)             Requested size: 113.81102pt x 41.44656pt.
 [1

{/usr/local/texlive/2022/texmf-var/fonts/map/pdftex/updmap/pdftex.map} <./logos
/LogoSweetZusatz-CoSi.pdf>]
(./00_main.toc)
Overfull \hbox (56.90549pt too wide) has occurred while \output is active
 [] 
 []

[2

 <./logos/LogoSweetZusatz-CoSi.pdf>] (./electricity.tex (./00_main.toc)
[3

]
<figures_2025_10_25//elecSupply.pdf, id=86, 366.8016pt x 377.9834pt>
File: figures_2025_10_25//elecSupply.pdf Graphic file (type pdf)
<use figures_2025_10_25//elecSupply.pdf>
Package pdftex.def Info: figures_2025_10_25//elecSupply.pdf  used on input line
 8.
(pdftex.def)             Requested size: 193.27893pt x 199.16928pt.

Overfull \hbox (56.90549pt too wide) has occurred while \output is active
 [] 
 []

[4

 <./figures_2025_10_25//elecSupply.pdf>]
LaTeX Font Info:    Trying to load font information for U+msa on input line 18.


(/usr/local/texlive/2022/texmf-dist/tex/latex/amsfonts/umsa.fd
File: umsa.fd 2013/01/14 v3.01 AMS symbols A
)
LaTeX Font Info:    Trying to load font information for U+msb on input line 18.


(/usr/local/texlive/2022/texmf-dist/tex/latex/amsfonts/umsb.fd
File: umsb.fd 2013/01/14 v3.01 AMS symbols B
)
LaTeX Font Info:    Font shape `OT1/phv/m/it' in size <10.95> not available
(Font)              Font shape `OT1/phv/m/sl' tried instead on input line 18.
LaTeX Font Info:    Font shape `OT1/phv/m/it' in size <8> not available
(Font)              Font shape `OT1/phv/m/sl' tried instead on input line 18.
LaTeX Font Info:    Font shape `OT1/phv/m/it' in size <6> not available
(Font)              Font shape `OT1/phv/m/sl' tried instead on input line 18.
<figures_2025_10_25//elecUse_legend.pdf, id=128, 107.99722pt x 160.77252pt>
File: figures_2025_10_25//elecUse_legend.pdf Graphic file (type pdf)
<use figures_2025_10_25//elecUse_legend.pdf>
Package pdftex.def Info: figures_2025_10_25//elecUse_legend.pdf  used on input 
line 18.
(pdftex.def)             Requested size: 51.21504pt x 76.24261pt.

Overfull \hbox (5.69046pt too wide) in paragraph at lines 18--18
[][] 
 []

<figures_2025_10_25//elecUse_net.pdf, id=129, 178.44864pt x 372.72533pt>
File: figures_2025_10_25//elecUse_net.pdf Graphic file (type pdf)
<use figures_2025_10_25//elecUse_net.pdf>
Package pdftex.def Info: figures_2025_10_25//elecUse_net.pdf  used on input lin
e 18.
(pdftex.def)             Requested size: 92.31528pt x 199.16928pt.
<figures_2025_10_25//elecSupply_tech_net.pdf, id=130, 239.58328pt x 372.72533pt
>
File: figures_2025_10_25//elecSupply_tech_net.pdf Graphic file (type pdf)
<use figures_2025_10_25//elecSupply_tech_net.pdf>
Package pdftex.def Info: figures_2025_10_25//elecSupply_tech_net.pdf  used on i
nput line 18.
(pdftex.def)             Requested size: 124.98328pt x 199.16928pt.

Overfull \hbox (9.59335pt too wide) in paragraph at lines 18--18
[][][] 
 []

<figures_2025_10_25//elecSupply_legend.pdf, id=132, 89.58469pt x 174.8407pt>
File: figures_2025_10_25//elecSupply_legend.pdf Graphic file (type pdf)
<use figures_2025_10_25//elecSupply_legend.pdf>
Package pdftex.def Info: figures_2025_10_25//elecSupply_legend.pdf  used on inp
ut line 18.
(pdftex.def)             Requested size: 42.67912pt x 83.29562pt.

Overfull \hbox (56.90549pt too wide) has occurred while \output is active
 [] 
 []

[5

 <./figures_2025_10_25//elecSupply_tech_net.pdf> <./figures_2025_10_25//elecUse
_legend.pdf

pdfTeX warning: /Library/TeX/texbin/pdflatex (file ./figures_2025_10_25//elecUs
e_legend.pdf): PDF inclusion: multiple pdfs with page group included in a singl
e page
> <./figures_2025_10_25//elecUse_net.pdf> <./figures_2025_10_25//elecSupply_leg
end.pdf

pdfTeX warning: /Library/TeX/texbin/pdflatex (file ./figures_2025_10_25//elecSu
pply_legend.pdf): PDF inclusion: multiple pdfs with page group included in a si
ngle page
>]
<figures_2025_10_25//elecUseDist_use.pdf, id=207, 350.40355pt x 346.06653pt>
File: figures_2025_10_25//elecUseDist_use.pdf Graphic file (type pdf)
<use figures_2025_10_25//elecUseDist_use.pdf>
Package pdftex.def Info: figures_2025_10_25//elecUseDist_use.pdf  used on input
 line 27.
(pdftex.def)             Requested size: 155.87685pt x 156.49014pt.
<figures_2025_10_25//elecDist_tech.pdf, id=208, 351.07394pt x 345.6551pt>
File: figures_2025_10_25//elecDist_tech.pdf Graphic file (type pdf)
<use figures_2025_10_25//elecDist_tech.pdf>
Package pdftex.def Info: figures_2025_10_25//elecDist_tech.pdf  used on input l
ine 27.
(pdftex.def)             Requested size: 156.36972pt x 156.49014pt.
<figures_2025_10_25//models.pdf, id=210, 227.0741pt x 15.25676pt>
File: figures_2025_10_25//models.pdf Graphic file (type pdf)
<use figures_2025_10_25//models.pdf>
Package pdftex.def Info: figures_2025_10_25//models.pdf  used on input line 27.

(pdftex.def)             Requested size: 113.81102pt x 7.64674pt.

Overfull \hbox (25.60815pt too wide) in paragraph at lines 27--27
[][]  
 []


Overfull \hbox (56.90549pt too wide) has occurred while \output is active
 [] 
 []

[6

 <./figures_2025_10_25//elecDist_tech.pdf> <./figures_2025_10_25//elecUseDist_u
se.pdf> <./figures_2025_10_25//models.pdf

pdfTeX warning: /Library/TeX/texbin/pdflatex (file ./figures_2025_10_25//models
.pdf): PDF inclusion: multiple pdfs with page group included in a single page
>]) (./transport.tex (./00_main.toc) [7

]
<figures_2025_10_25//passenger_road_private_fec.pdf, id=326, 238.3199pt x 372.7
2533pt>
File: figures_2025_10_25//passenger_road_private_fec.pdf Graphic file (type pdf
)
<use figures_2025_10_25//passenger_road_private_fec.pdf>
Package pdftex.def Info: figures_2025_10_25//passenger_road_private_fec.pdf  us
ed on input line 11.
(pdftex.def)             Requested size: 124.30817pt x 199.16928pt.

Overfull \hbox (10.49715pt too wide) in paragraph at lines 11--11
[][] 
 []

<figures_2025_10_25//transport_legend.pdf, id=328, 80.66074pt x 61.16602pt>
File: figures_2025_10_25//transport_legend.pdf Graphic file (type pdf)
<use figures_2025_10_25//transport_legend.pdf>
Package pdftex.def Info: figures_2025_10_25//transport_legend.pdf  used on inpu
t line 11.
(pdftex.def)             Requested size: 36.98866pt x 28.04897pt.
<figures_2025_10_25//passenger_road_private_fec_dist.pdf, id=329, 358.76071pt x
 342.7044pt>
File: figures_2025_10_25//passenger_road_private_fec_dist.pdf Graphic file (typ
e pdf)
<use figures_2025_10_25//passenger_road_private_fec_dist.pdf>
Package pdftex.def Info: figures_2025_10_25//passenger_road_private_fec_dist.pd
f  used on input line 11.
(pdftex.def)             Requested size: 146.56448pt x 142.26378pt.
File: figures_2025_10_25//models.pdf Graphic file (type pdf)
<use figures_2025_10_25//models.pdf>
Package pdftex.def Info: figures_2025_10_25//models.pdf  used on input line 11.

(pdftex.def)             Requested size: 113.81102pt x 7.64674pt.

Overfull \hbox (25.6086pt too wide) in paragraph at lines 11--11
[][]  
 []


Overfull \hbox (56.90549pt too wide) has occurred while \output is active
 [] 
 []

[8

 <./figures_2025_10_25//passenger_road_private_fec.pdf> <./figures_2025_10_25//
passenger_road_private_fec_dist.pdf> <./figures_2025_10_25//transport_legend.pd
f

pdfTeX warning: /Library/TeX/texbin/pdflatex (file ./figures_2025_10_25//transp
ort_legend.pdf): PDF inclusion: multiple pdfs with page group included in a sin
gle page
>]
<figures_2025_10_25//passenger_road_public_fec.pdf, id=418, 238.3199pt x 372.72
533pt>
File: figures_2025_10_25//passenger_road_public_fec.pdf Graphic file (type pdf)

<use figures_2025_10_25//passenger_road_public_fec.pdf>
Package pdftex.def Info: figures_2025_10_25//passenger_road_public_fec.pdf  use
d on input line 20.
(pdftex.def)             Requested size: 124.30817pt x 199.16928pt.

Overfull \hbox (10.49715pt too wide) in paragraph at lines 20--20
[][] 
 []

File: figures_2025_10_25//transport_legend.pdf Graphic file (type pdf)
<use figures_2025_10_25//transport_legend.pdf>
Package pdftex.def Info: figures_2025_10_25//transport_legend.pdf  used on inpu
t line 20.
(pdftex.def)             Requested size: 36.98866pt x 28.04897pt.
<figures_2025_10_25//passenger_road_public_fec_dist.pdf, id=420, 341.28073pt x 
345.36153pt>
File: figures_2025_10_25//passenger_road_public_fec_dist.pdf Graphic file (type
 pdf)
<use figures_2025_10_25//passenger_road_public_fec_dist.pdf>
Package pdftex.def Info: figures_2025_10_25//passenger_road_public_fec_dist.pdf
  used on input line 20.
(pdftex.def)             Requested size: 138.23808pt x 142.26378pt.
File: figures_2025_10_25//models.pdf Graphic file (type pdf)
<use figures_2025_10_25//models.pdf>
Package pdftex.def Info: figures_2025_10_25//models.pdf  used on input line 20.

(pdftex.def)             Requested size: 113.81102pt x 7.64674pt.

Overfull \hbox (25.6086pt too wide) in paragraph at lines 20--20
[][]  
 []


Overfull \hbox (56.90549pt too wide) has occurred while \output is active
 [] 
 []

[9

 <./figures_2025_10_25//passenger_road_public_fec.pdf> <./figures_2025_10_25//p
assenger_road_public_fec_dist.pdf>]
<figures_2025_10_25//freight_road_fec.pdf, id=511, 238.3199pt x 372.72533pt>
File: figures_2025_10_25//freight_road_fec.pdf Graphic file (type pdf)
<use figures_2025_10_25//freight_road_fec.pdf>
Package pdftex.def Info: figures_2025_10_25//freight_road_fec.pdf  used on inpu
t line 29.
(pdftex.def)             Requested size: 124.30817pt x 199.16928pt.

Overfull \hbox (10.49715pt too wide) in paragraph at lines 29--29
[][] 
 []

File: figures_2025_10_25//transport_legend.pdf Graphic file (type pdf)
<use figures_2025_10_25//transport_legend.pdf>
Package pdftex.def Info: figures_2025_10_25//transport_legend.pdf  used on inpu
t line 29.
(pdftex.def)             Requested size: 36.98866pt x 28.04897pt.
<figures_2025_10_25//freight_road_fec_dist.pdf, id=513, 351.84546pt x 345.36153
pt>
File: figures_2025_10_25//freight_road_fec_dist.pdf Graphic file (type pdf)
<use figures_2025_10_25//freight_road_fec_dist.pdf>
Package pdftex.def Info: figures_2025_10_25//freight_road_fec_dist.pdf  used on
 input line 29.
(pdftex.def)             Requested size: 142.58995pt x 142.26378pt.
File: figures_2025_10_25//models.pdf Graphic file (type pdf)
<use figures_2025_10_25//models.pdf>
Package pdftex.def Info: figures_2025_10_25//models.pdf  used on input line 29.

(pdftex.def)             Requested size: 113.81102pt x 7.64674pt.

Overfull \hbox (25.6086pt too wide) in paragraph at lines 29--29
[][]  
 []


Overfull \hbox (56.90549pt too wide) has occurred while \output is active
 [] 
 []

[10

 <./figures_2025_10_25//freight_road_fec.pdf> <./figures_2025_10_25//freight_ro
ad_fec_dist.pdf>]) (./heat.tex (./00_main.toc) [11

]
<figures_2025_10_25//spaceHeating.pdf, id=608, 238.3199pt x 372.72533pt>
File: figures_2025_10_25//spaceHeating.pdf Graphic file (type pdf)
<use figures_2025_10_25//spaceHeating.pdf>
Package pdftex.def Info: figures_2025_10_25//spaceHeating.pdf  used on input li
ne 11.
(pdftex.def)             Requested size: 124.30817pt x 199.16928pt.

Overfull \hbox (10.49715pt too wide) in paragraph at lines 11--11
[][] 
 []

<figures_2025_10_25//districtHeating.pdf, id=610, 238.3199pt x 372.72533pt>
File: figures_2025_10_25//districtHeating.pdf Graphic file (type pdf)
<use figures_2025_10_25//districtHeating.pdf>
Package pdftex.def Info: figures_2025_10_25//districtHeating.pdf  used on input
 line 11.
(pdftex.def)             Requested size: 124.30817pt x 199.16928pt.

Overfull \hbox (10.49715pt too wide) in paragraph at lines 11--11
[][] 
 []

<figures_2025_10_25//heat_legend.pdf, id=612, 105.18987pt x 146.20245pt>
File: figures_2025_10_25//heat_legend.pdf Graphic file (type pdf)
<use figures_2025_10_25//heat_legend.pdf>
Package pdftex.def Info: figures_2025_10_25//heat_legend.pdf  used on input lin
e 11.
(pdftex.def)             Requested size: 42.67912pt x 59.31874pt.

Overfull \hbox (56.90549pt too wide) has occurred while \output is active
 [] 
 []

[12

 <./figures_2025_10_25//spaceHeating.pdf> <./figures_2025_10_25//districtHeatin
g.pdf> <./figures_2025_10_25//heat_legend.pdf

pdfTeX warning: /Library/TeX/texbin/pdflatex (file ./figures_2025_10_25//heat_l
egend.pdf): PDF inclusion: multiple pdfs with page group included in a single p
age
>]
<figures_2025_10_25//spaceHeating_dist.pdf, id=691, 350.38567pt x 346.16791pt>
File: figures_2025_10_25//spaceHeating_dist.pdf Graphic file (type pdf)
<use figures_2025_10_25//spaceHeating_dist.pdf>
Package pdftex.def Info: figures_2025_10_25//spaceHeating_dist.pdf  used on inp
ut line 20.
(pdftex.def)             Requested size: 141.66254pt x 142.26378pt.
<figures_2025_10_25//districtHeating_dist.pdf, id=693, 350.38567pt x 346.16791p
t>
File: figures_2025_10_25//districtHeating_dist.pdf Graphic file (type pdf)
<use figures_2025_10_25//districtHeating_dist.pdf>
Package pdftex.def Info: figures_2025_10_25//districtHeating_dist.pdf  used on 
input line 20.
(pdftex.def)             Requested size: 141.66254pt x 142.26378pt.
File: figures_2025_10_25//models.pdf Graphic file (type pdf)
<use figures_2025_10_25//models.pdf>
Package pdftex.def Info: figures_2025_10_25//models.pdf  used on input line 20.

(pdftex.def)             Requested size: 113.81102pt x 7.64674pt.

Overfull \hbox (25.60815pt too wide) in paragraph at lines 20--20
[][]  
 []


Overfull \hbox (56.90549pt too wide) has occurred while \output is active
 [] 
 []

[13

 <./figures_2025_10_25//spaceHeating_dist.pdf> <./figures_2025_10_25//districtH
eating_dist.pdf>]
<figures_2025_10_25//processHeating.pdf, id=800, 238.3199pt x 372.72533pt>
File: figures_2025_10_25//processHeating.pdf Graphic file (type pdf)
<use figures_2025_10_25//processHeating.pdf>
Package pdftex.def Info: figures_2025_10_25//processHeating.pdf  used on input 
line 29.
(pdftex.def)             Requested size: 124.30817pt x 199.16928pt.

Overfull \hbox (10.49715pt too wide) in paragraph at lines 29--29
[][] 
 []

File: figures_2025_10_25//heat_legend.pdf Graphic file (type pdf)
<use figures_2025_10_25//heat_legend.pdf>
Package pdftex.def Info: figures_2025_10_25//heat_legend.pdf  used on input lin
e 29.
(pdftex.def)             Requested size: 42.67912pt x 59.31874pt.
<figures_2025_10_25//processHeating_dist.pdf, id=802, 350.38567pt x 346.16791pt
>
File: figures_2025_10_25//processHeating_dist.pdf Graphic file (type pdf)
<use figures_2025_10_25//processHeating_dist.pdf>
Package pdftex.def Info: figures_2025_10_25//processHeating_dist.pdf  used on i
nput line 29.
(pdftex.def)             Requested size: 141.66254pt x 142.26378pt.
File: figures_2025_10_25//models.pdf Graphic file (type pdf)
<use figures_2025_10_25//models.pdf>
Package pdftex.def Info: figures_2025_10_25//models.pdf  used on input line 29.

(pdftex.def)             Requested size: 113.81102pt x 7.64674pt.

Overfull \hbox (25.6086pt too wide) in paragraph at lines 29--29
[][]  
 []


Overfull \hbox (56.90549pt too wide) has occurred while \output is active
 [] 
 []

[14

 <./figures_2025_10_25//processHeating.pdf> <./figures_2025_10_25//processHeati
ng_dist.pdf>]) (./fuels.tex (./00_main.toc) [15

]
<figures_2025_10_25//fuelUse_legend.pdf, id=897, 101.3317pt x 118.56796pt>
File: figures_2025_10_25//fuelUse_legend.pdf Graphic file (type pdf)
<use figures_2025_10_25//fuelUse_legend.pdf>
Package pdftex.def Info: figures_2025_10_25//fuelUse_legend.pdf  used on input 
line 12.
(pdftex.def)             Requested size: 51.21504pt x 59.9279pt.

Overfull \hbox (5.69046pt too wide) in paragraph at lines 12--12
[][] 
 []

<figures_2025_10_25//h2Use.pdf, id=898, 177.18524pt x 372.72533pt>
File: figures_2025_10_25//h2Use.pdf Graphic file (type pdf)
<use figures_2025_10_25//h2Use.pdf>
Package pdftex.def Info: figures_2025_10_25//h2Use.pdf  used on input line 12.
(pdftex.def)             Requested size: 91.64015pt x 199.16928pt.
<figures_2025_10_25//h2Supply_tech.pdf, id=899, 238.3199pt x 372.72533pt>
File: figures_2025_10_25//h2Supply_tech.pdf Graphic file (type pdf)
<use figures_2025_10_25//h2Supply_tech.pdf>
Package pdftex.def Info: figures_2025_10_25//h2Supply_tech.pdf  used on input l
ine 12.
(pdftex.def)             Requested size: 124.30817pt x 199.16928pt.

Overfull \hbox (8.24312pt too wide) in paragraph at lines 12--12
[][][] 
 []

<figures_2025_10_25//h2Supply_legend.pdf, id=901, 111.33784pt x 75.48514pt>
File: figures_2025_10_25//h2Supply_legend.pdf Graphic file (type pdf)
<use figures_2025_10_25//h2Supply_legend.pdf>
Package pdftex.def Info: figures_2025_10_25//h2Supply_legend.pdf  used on input
 line 12.
(pdftex.def)             Requested size: 51.21504pt x 34.72241pt.

Overfull \hbox (56.90549pt too wide) has occurred while \output is active
 [] 
 []

[16

 <./figures_2025_10_25//h2Supply_tech.pdf> <./figures_2025_10_25//fuelUse_legen
d.pdf

pdfTeX warning: /Library/TeX/texbin/pdflatex (file ./figures_2025_10_25//fuelUs
e_legend.pdf): PDF inclusion: multiple pdfs with page group included in a singl
e page
> <./figures_2025_10_25//h2Use.pdf> <./figures_2025_10_25//h2Supply_legend.pdf

pdfTeX warning: /Library/TeX/texbin/pdflatex (file ./figures_2025_10_25//h2Supp
ly_legend.pdf): PDF inclusion: multiple pdfs with page group included in a sing
le page
>]
File: figures_2025_10_25//fuelUse_legend.pdf Graphic file (type pdf)
<use figures_2025_10_25//fuelUse_legend.pdf>
Package pdftex.def Info: figures_2025_10_25//fuelUse_legend.pdf  used on input 
line 23.
(pdftex.def)             Requested size: 51.21504pt x 59.9279pt.

Overfull \hbox (5.69046pt too wide) in paragraph at lines 23--23
[][] 
 []

<figures_2025_10_25//methaneUse.pdf, id=964, 177.18524pt x 372.72533pt>
File: figures_2025_10_25//methaneUse.pdf Graphic file (type pdf)
<use figures_2025_10_25//methaneUse.pdf>
Package pdftex.def Info: figures_2025_10_25//methaneUse.pdf  used on input line
 23.
(pdftex.def)             Requested size: 91.64015pt x 199.16928pt.
<figures_2025_10_25//methaneSupply_tech.pdf, id=965, 238.3199pt x 372.72533pt>
File: figures_2025_10_25//methaneSupply_tech.pdf Graphic file (type pdf)
<use figures_2025_10_25//methaneSupply_tech.pdf>
Package pdftex.def Info: figures_2025_10_25//methaneSupply_tech.pdf  used on in
put line 23.
(pdftex.def)             Requested size: 124.30817pt x 199.16928pt.

Overfull \hbox (8.24312pt too wide) in paragraph at lines 23--23
[][][] 
 []

<figures_2025_10_25//methaneSupply_legend.pdf, id=967, 125.31192pt x 60.91508pt
>
File: figures_2025_10_25//methaneSupply_legend.pdf Graphic file (type pdf)
<use figures_2025_10_25//methaneSupply_legend.pdf>
Package pdftex.def Info: figures_2025_10_25//methaneSupply_legend.pdf  used on 
input line 23.
(pdftex.def)             Requested size: 59.75095pt x 29.04556pt.

Overfull \hbox (2.84674pt too wide) in paragraph at lines 23--23
[][]  
 []


Overfull \hbox (56.90549pt too wide) has occurred while \output is active
 [] 
 []

[17

 <./figures_2025_10_25//methaneSupply_tech.pdf> <./figures_2025_10_25//methaneU
se.pdf> <./figures_2025_10_25//methaneSupply_legend.pdf

pdfTeX warning: /Library/TeX/texbin/pdflatex (file ./figures_2025_10_25//methan
eSupply_legend.pdf): PDF inclusion: multiple pdfs with page group included in a
 single page
>]
File: figures_2025_10_25//fuelUse_legend.pdf Graphic file (type pdf)
<use figures_2025_10_25//fuelUse_legend.pdf>
Package pdftex.def Info: figures_2025_10_25//fuelUse_legend.pdf  used on input 
line 34.
(pdftex.def)             Requested size: 51.21504pt x 59.9279pt.

Overfull \hbox (5.69046pt too wide) in paragraph at lines 34--34
[][] 
 []

<figures_2025_10_25//liquidsUse.pdf, id=1026, 177.18524pt x 372.72533pt>
File: figures_2025_10_25//liquidsUse.pdf Graphic file (type pdf)
<use figures_2025_10_25//liquidsUse.pdf>
Package pdftex.def Info: figures_2025_10_25//liquidsUse.pdf  used on input line
 34.
(pdftex.def)             Requested size: 91.64015pt x 199.16928pt.
<figures_2025_10_25//liquidsSupply_tech.pdf, id=1027, 238.3199pt x 372.72533pt>

File: figures_2025_10_25//liquidsSupply_tech.pdf Graphic file (type pdf)
<use figures_2025_10_25//liquidsSupply_tech.pdf>
Package pdftex.def Info: figures_2025_10_25//liquidsSupply_tech.pdf  used on in
put line 34.
(pdftex.def)             Requested size: 124.30817pt x 199.16928pt.

Overfull \hbox (8.24312pt too wide) in paragraph at lines 34--34
[][][] 
 []

<figures_2025_10_25//liquidsSupply_legend.pdf, id=1029, 109.09508pt x 46.72144p
t>
File: figures_2025_10_25//liquidsSupply_legend.pdf Graphic file (type pdf)
<use figures_2025_10_25//liquidsSupply_legend.pdf>
Package pdftex.def Info: figures_2025_10_25//liquidsSupply_legend.pdf  used on 
input line 34.
(pdftex.def)             Requested size: 51.21504pt x 21.9334pt.

Overfull \hbox (56.90549pt too wide) has occurred while \output is active
 [] 
 []

[18

 <./figures_2025_10_25//liquidsSupply_tech.pdf> <./figures_2025_10_25//liquidsU
se.pdf> <./figures_2025_10_25//liquidsSupply_legend.pdf

pdfTeX warning: /Library/TeX/texbin/pdflatex (file ./figures_2025_10_25//liquid
sSupply_legend.pdf): PDF inclusion: multiple pdfs with page group included in a
 single page
>]) (./final.tex
File: logos/LogoSweetZusatz-CoSi.pdf Graphic file (type pdf)
<use logos/LogoSweetZusatz-CoSi.pdf>
Package pdftex.def Info: logos/LogoSweetZusatz-CoSi.pdf  used on input line 16.

(pdftex.def)             Requested size: 113.81102pt x 41.44656pt.
 [19

])
\tf@nav=\write6
\openout6 = `00_main.nav'.

\tf@toc=\write7
\openout7 = `00_main.toc'.

\tf@snm=\write8
\openout8 = `00_main.snm'.

 (./00_main.aux)
Package rerunfilecheck Info: File `00_main.out' has not changed.
(rerunfilecheck)             Checksum: 44B7464F01290FA89368E6A898494564;928.
 ) 
Here is how much of TeX's memory you used:
 28886 strings out of 477529
 612325 string characters out of 5825602
 871022 words of memory out of 5000000
 47091 multiletter control sequences out of 15000+600000
 489608 words of font info for 68 fonts, out of 8000000 for 9000
 1141 hyphenation exceptions out of 8191
 128i,16n,122p,411b,573s stack positions out of 10000i,1000n,20000p,200000b,200000s
{/usr/local/texlive/2022/texmf-dist/fonts/enc/dvips/base/8r.enc}</usr/local/t
exlive/2022/texmf-dist/fonts/type1/urw/helvetic/uhvb8a.pfb></usr/local/texlive/
2022/texmf-dist/fonts/type1/urw/helvetic/uhvr8a.pfb>
Output written on 00_main.pdf (19 pages, 503896 bytes).
PDF statistics:
 1146 PDF objects out of 1200 (max. 8388607)
 320 compressed objects within 4 object streams
 43 named destinations out of 1000 (max. 500000)
 387 words of extra memory for PDF output out of 10000 (max. 10000000)

